# JRE version: Java(TM) SE Runtime Environment (21.0.1+12) (build 21.0.1+12-LTS-29)
# Java VM: Java HotSpot(TM) 64-Bit Server VM (21.0.1+12-LTS-29, mixed mode, sharing, tiered, compressed oops, compressed class ptrs, g1 gc, windows-amd64)
GC Precious Log:
 CardTable entry size: 512
 Card Set container configuration: InlinePtr #cards 5 size 8 Array Of Cards #cards 12 size 40 Howl #buckets 4 coarsen threshold 1843 Howl Bitmap #cards 512 size 80 coarsen threshold 460 Card regions per heap region 1 cards per card region 2048
 CPUs: 8 total, 8 available
 Memory: 8029M
 Large Page Support: Disabled
 NUMA Support: Disabled
 Compressed Oops: Enabled (32-bit)
 Heap Region Size: 1M
 Heap Min Capacity: 8M
 Heap Initial Capacity: 126M
 Heap Max Capacity: 2008M
 Pre-touch: Disabled
 Parallel Workers: 8
 Concurrent Workers: 2
 Concurrent Refinement Workers: 8
 Periodic GC: Disabled
Heap:
 garbage-first heap   total 110592K, used 75264K [0x0000000082800000, 0x0000000100000000)
  region size 1024K, 30 young (30720K), 7 survivors (7168K)
 Metaspace       used 29820K, committed 30208K, reserved 1114112K
  class space    used 3310K, committed 3456K, reserved 1048576K
GC Heap History (14 events):
Event: 2.008 GC heap before
{Heap before GC invocations=0 (full 0):
 garbage-first heap   total 129024K, used 23552K [0x0000000082800000, 0x0000000100000000)
  region size 1024K, 23 young (23552K), 0 survivors (0K)
 Metaspace       used 5628K, committed 5888K, reserved 1114112K
  class space    used 656K, committed 768K, reserved 1048576K
}
Event: 2.016 GC heap after
{Heap after GC invocations=1 (full 0):
 garbage-first heap   total 129024K, used 3762K [0x0000000082800000, 0x0000000100000000)
  region size 1024K, 3 young (3072K), 3 survivors (3072K)
 Metaspace       used 5628K, committed 5888K, reserved 1114112K
  class space    used 656K, committed 768K, reserved 1048576K
}
Event: 3.056 GC heap before
{Heap before GC invocations=1 (full 0):
 garbage-first heap   total 129024K, used 35506K [0x0000000082800000, 0x0000000100000000)
  region size 1024K, 34 young (34816K), 3 survivors (3072K)
 Metaspace       used 9676K, committed 9856K, reserved 1114112K
  class space    used 1146K, committed 1216K, reserved 1048576K
}
Event: 3.063 GC heap after
{Heap after GC invocations=2 (full 0):
 garbage-first heap   total 129024K, used 5756K [0x0000000082800000, 0x0000000100000000)
  region size 1024K, 2 young (2048K), 2 survivors (2048K)
 Metaspace       used 9676K, committed 9856K, reserved 1114112K
  class space    used 1146K, committed 1216K, reserved 1048576K
}
Event: 6.471 GC heap before
{Heap before GC invocations=2 (full 0):
 garbage-first heap   total 129024K, used 80508K [0x0000000082800000, 0x0000000100000000)
  region size 1024K, 75 young (76800K), 2 survivors (2048K)
 Metaspace       used 16255K, committed 16448K, reserved 1114112K
  class space    used 1908K, committed 1984K, reserved 1048576K
}
Event: 6.494 GC heap after
{Heap after GC invocations=3 (full 0):
 garbage-first heap   total 129024K, used 14731K [0x0000000082800000, 0x0000000100000000)
  region size 1024K, 10 young (10240K), 10 survivors (10240K)
 Metaspace       used 16255K, committed 16448K, reserved 1114112K
  class space    used 1908K, committed 1984K, reserved 1048576K
}
Event: 14.319 GC heap before
{Heap before GC invocations=3 (full 0):
 garbage-first heap   total 129024K, used 81291K [0x0000000082800000, 0x0000000100000000)
  region size 1024K, 75 young (76800K), 10 survivors (10240K)
 Metaspace       used 17008K, committed 17344K, reserved 1114112K
  class space    used 1914K, committed 2048K, reserved 1048576K
}
Event: 14.340 GC heap after
{Heap after GC invocations=4 (full 0):
 garbage-first heap   total 129024K, used 18432K [0x0000000082800000, 0x0000000100000000)
  region size 1024K, 3 young (3072K), 3 survivors (3072K)
 Metaspace       used 17008K, committed 17344K, reserved 1114112K
  class space    used 1914K, committed 2048K, reserved 1048576K
}
Event: 41.849 GC heap before
{Heap before GC invocations=4 (full 0):
 garbage-first heap   total 129024K, used 112640K [0x0000000082800000, 0x0000000100000000)
  region size 1024K, 63 young (64512K), 3 survivors (3072K)
 Metaspace       used 21128K, committed 21504K, reserved 1114112K
  class space    used 2361K, committed 2560K, reserved 1048576K
}
Event: 41.861 GC heap after
{Heap after GC invocations=5 (full 0):
 garbage-first heap   total 129024K, used 25600K [0x0000000082800000, 0x0000000100000000)
  region size 1024K, 9 young (9216K), 9 survivors (9216K)
 Metaspace       used 21128K, committed 21504K, reserved 1114112K
  class space    used 2361K, committed 2560K, reserved 1048576K
}
Event: 51.086 GC heap before
{Heap before GC invocations=6 (full 0):
 garbage-first heap   total 89088K, used 88064K [0x0000000082800000, 0x0000000100000000)
  region size 1024K, 62 young (63488K), 9 survivors (9216K)
 Metaspace       used 27588K, committed 27968K, reserved 1114112K
  class space    used 3089K, committed 3264K, reserved 1048576K
}
Event: 51.125 GC heap after
{Heap after GC invocations=7 (full 0):
 garbage-first heap   total 110592K, used 44928K [0x0000000082800000, 0x0000000100000000)
  region size 1024K, 10 young (10240K), 10 survivors (10240K)
 Metaspace       used 27588K, committed 27968K, reserved 1114112K
  class space    used 3089K, committed 3264K, reserved 1048576K
}
Event: 54.418 GC heap before
{Heap before GC invocations=7 (full 0):
 garbage-first heap   total 110592K, used 85888K [0x0000000082800000, 0x0000000100000000)
  region size 1024K, 50 young (51200K), 10 survivors (10240K)
 Metaspace       used 28468K, committed 28800K, reserved 1114112K
  class space    used 3160K, committed 3328K, reserved 1048576K
}
Event: 54.453 GC heap after
{Heap after GC invocations=8 (full 0):
 garbage-first heap   total 110592K, used 53760K [0x0000000082800000, 0x0000000100000000)
  region size 1024K, 7 young (7168K), 7 survivors (7168K)
 Metaspace       used 28468K, committed 28800K, reserved 1114112K
  class space    used 3160K, committed 3328K, reserved 1048576K
}

